This is pdfTeX, Version 3.14159265-2.6-1.40.16 (TeX Live 2015) (preloaded format=pdflatex 2015.7.7)  24 NOV 2016 16:51
entering extended mode
 restricted \write18 enabled.
 file:line:error style messages enabled.
 %&-line parsing enabled.
**\input csda_2015_YJC.tex
(./csda_2015_YJC.tex
(/usr/local/texlive/2015/texmf-dist/tex/latex/elsarticle/elsarticle.cls
Document Class: elsarticle 2009/09/17, 1.2.0: Elsevier Ltd
\@bls=\dimen102
(/usr/local/texlive/2015/texmf-dist/tex/latex/base/article.cls
Document Class: article 2014/09/29 v1.4h Standard LaTeX document class
(/usr/local/texlive/2015/texmf-dist/tex/latex/base/size12.clo
File: size12.clo 2014/09/29 v1.4h Standard LaTeX file (size option)
)
\c@part=\count79
\c@section=\count80
\c@subsection=\count81
\c@subsubsection=\count82
\c@paragraph=\count83
\c@subparagraph=\count84
\c@figure=\count85
\c@table=\count86
\abovecaptionskip=\skip41
\belowcaptionskip=\skip42
\bibindent=\dimen103
)
(/usr/local/texlive/2015/texmf-dist/tex/latex/graphics/graphicx.sty
Package: graphicx 2014/10/28 v1.0g Enhanced LaTeX Graphics (DPC,SPQR)

(/usr/local/texlive/2015/texmf-dist/tex/latex/graphics/keyval.sty
Package: keyval 2014/10/28 v1.15 key=value parser (DPC)
\KV@toks@=\toks14
)
(/usr/local/texlive/2015/texmf-dist/tex/latex/graphics/graphics.sty
Package: graphics 2014/10/28 v1.0p Standard LaTeX Graphics (DPC,SPQR)

(/usr/local/texlive/2015/texmf-dist/tex/latex/graphics/trig.sty
Package: trig 1999/03/16 v1.09 sin cos tan (DPC)
)
(/usr/local/texlive/2015/texmf-dist/tex/latex/latexconfig/graphics.cfg
File: graphics.cfg 2010/04/23 v1.9 graphics configuration of TeX Live
)
Package graphics Info: Driver file: pdftex.def on input line 94.

(/usr/local/texlive/2015/texmf-dist/tex/latex/pdftex-def/pdftex.def
File: pdftex.def 2011/05/27 v0.06d Graphics/color for pdfTeX

(/usr/local/texlive/2015/texmf-dist/tex/generic/oberdiek/infwarerr.sty
Package: infwarerr 2010/04/08 v1.3 Providing info/warning/error messages (HO)
)
(/usr/local/texlive/2015/texmf-dist/tex/generic/oberdiek/ltxcmds.sty
Package: ltxcmds 2011/11/09 v1.22 LaTeX kernel commands for general use (HO)
)
\Gread@gobject=\count87
))
\Gin@req@height=\dimen104
\Gin@req@width=\dimen105
)
(/usr/local/texlive/2015/texmf-dist/tex/latex/psnfss/pifont.sty
Package: pifont 2005/04/12 PSNFSS-v9.2a Pi font support (SPQR) 
LaTeX Font Info:    Try loading font information for U+pzd on input line 63.

(/usr/local/texlive/2015/texmf-dist/tex/latex/psnfss/upzd.fd
File: upzd.fd 2001/06/04 font definitions for U/pzd.
)
LaTeX Font Info:    Try loading font information for U+psy on input line 64.

(/usr/local/texlive/2015/texmf-dist/tex/latex/psnfss/upsy.fd
File: upsy.fd 2001/06/04 font definitions for U/psy.
))
\c@tnote=\count88
\c@fnote=\count89
\c@cnote=\count90
\c@ead=\count91
\c@author=\count92
\@eadauthor=\toks15
\c@affn=\count93
\absbox=\box26
\keybox=\box27
\Columnwidth=\dimen106
\space@left=\dimen107
\els@boxa=\box28
\els@boxb=\box29
\leftMargin=\dimen108
\@enLab=\toks16
\@sep=\skip43
\@@sep=\skip44

(./csda_2015_YJC.spl)
(/usr/local/texlive/2015/texmf-dist/tex/latex/natbib/natbib.sty
Package: natbib 2010/09/13 8.31b (PWD, AO)
\bibhang=\skip45
\bibsep=\skip46
LaTeX Info: Redefining \cite on input line 694.
\c@NAT@ctr=\count94
)
\splwrite=\write3
\openout3 = `csda_2015_YJC.spl'.

)
(/usr/local/texlive/2015/texmf-dist/tex/latex/amsfonts/amssymb.sty
Package: amssymb 2013/01/14 v3.01 AMS font symbols

(/usr/local/texlive/2015/texmf-dist/tex/latex/amsfonts/amsfonts.sty
Package: amsfonts 2013/01/14 v3.01 Basic AMSFonts support
\@emptytoks=\toks17
\symAMSa=\mathgroup4
\symAMSb=\mathgroup5
LaTeX Font Info:    Overwriting math alphabet `\mathfrak' in version `bold'
(Font)                  U/euf/m/n --> U/euf/b/n on input line 106.
))
(/usr/local/texlive/2015/texmf-dist/tex/latex/amscls/amsthm.sty
Package: amsthm 2015/03/04 v2.20.2
\thm@style=\toks18
\thm@bodyfont=\toks19
\thm@headfont=\toks20
\thm@notefont=\toks21
\thm@headpunct=\toks22
\thm@preskip=\skip47
\thm@postskip=\skip48
\thm@headsep=\skip49
\dth@everypar=\toks23
LaTeX Info: Redefining \qed on input line 264.
)
(/usr/local/texlive/2015/texmf-dist/tex/latex/amsmath/amsmath.sty
Package: amsmath 2013/01/14 v2.14 AMS math features
\@mathmargin=\skip50

For additional information on amsmath, use the `?' option.
(/usr/local/texlive/2015/texmf-dist/tex/latex/amsmath/amstext.sty
Package: amstext 2000/06/29 v2.01

(/usr/local/texlive/2015/texmf-dist/tex/latex/amsmath/amsgen.sty
File: amsgen.sty 1999/11/30 v2.0
\@emptytoks=\toks24
\ex@=\dimen109
))
(/usr/local/texlive/2015/texmf-dist/tex/latex/amsmath/amsbsy.sty
Package: amsbsy 1999/11/29 v1.2d
\pmbraise@=\dimen110
)
(/usr/local/texlive/2015/texmf-dist/tex/latex/amsmath/amsopn.sty
Package: amsopn 1999/12/14 v2.01 operator names
)
\inf@bad=\count95
LaTeX Info: Redefining \frac on input line 210.
\uproot@=\count96
\leftroot@=\count97
LaTeX Info: Redefining \overline on input line 306.
\classnum@=\count98
\DOTSCASE@=\count99
LaTeX Info: Redefining \ldots on input line 378.
LaTeX Info: Redefining \dots on input line 381.
LaTeX Info: Redefining \cdots on input line 466.
\Mathstrutbox@=\box30
\strutbox@=\box31
\big@size=\dimen111
LaTeX Font Info:    Redeclaring font encoding OML on input line 566.
LaTeX Font Info:    Redeclaring font encoding OMS on input line 567.
\macc@depth=\count100
\c@MaxMatrixCols=\count101
\dotsspace@=\muskip10
\c@parentequation=\count102
\dspbrk@lvl=\count103
\tag@help=\toks25
\row@=\count104
\column@=\count105
\maxfields@=\count106
\andhelp@=\toks26
\eqnshift@=\dimen112
\alignsep@=\dimen113
\tagshift@=\dimen114
\tagwidth@=\dimen115
\totwidth@=\dimen116
\lineht@=\dimen117
\@envbody=\toks27
\multlinegap=\skip51
\multlinetaggap=\skip52
\mathdisplay@stack=\toks28
LaTeX Info: Redefining \[ on input line 2665.
LaTeX Info: Redefining \] on input line 2666.
)
(/usr/local/texlive/2015/texmf-dist/tex/latex/tools/array.sty
Package: array 2014/10/28 v2.4c Tabular extension package (FMi)
\col@sep=\dimen118
\extrarowheight=\dimen119
\NC@list=\toks29
\extratabsurround=\skip53
\backup@length=\skip54
)
(/usr/local/texlive/2015/texmf-dist/tex/latex/hyperref/hyperref.sty
Package: hyperref 2012/11/06 v6.83m Hypertext links for LaTeX

(/usr/local/texlive/2015/texmf-dist/tex/generic/oberdiek/hobsub-hyperref.sty
Package: hobsub-hyperref 2012/05/28 v1.13 Bundle oberdiek, subset hyperref (HO)


(/usr/local/texlive/2015/texmf-dist/tex/generic/oberdiek/hobsub-generic.sty
Package: hobsub-generic 2012/05/28 v1.13 Bundle oberdiek, subset generic (HO)
Package: hobsub 2012/05/28 v1.13 Construct package bundles (HO)
Package hobsub Info: Skipping package `infwarerr' (already loaded).
Package hobsub Info: Skipping package `ltxcmds' (already loaded).
Package: ifluatex 2010/03/01 v1.3 Provides the ifluatex switch (HO)
Package ifluatex Info: LuaTeX not detected.
Package: ifvtex 2010/03/01 v1.5 Detect VTeX and its facilities (HO)
Package ifvtex Info: VTeX not detected.
Package: intcalc 2007/09/27 v1.1 Expandable calculations with integers (HO)
Package: ifpdf 2011/01/30 v2.3 Provides the ifpdf switch (HO)
Package ifpdf Info: pdfTeX in PDF mode is detected.
Package: etexcmds 2011/02/16 v1.5 Avoid name clashes with e-TeX commands (HO)
Package etexcmds Info: Could not find \expanded.
(etexcmds)             That can mean that you are not using pdfTeX 1.50 or
(etexcmds)             that some package has redefined \expanded.
(etexcmds)             In the latter case, load this package earlier.
Package: kvsetkeys 2012/04/25 v1.16 Key value parser (HO)
Package: kvdefinekeys 2011/04/07 v1.3 Define keys (HO)
Package: pdftexcmds 2011/11/29 v0.20 Utility functions of pdfTeX for LuaTeX (HO
)
Package pdftexcmds Info: LuaTeX not detected.
Package pdftexcmds Info: \pdf@primitive is available.
Package pdftexcmds Info: \pdf@ifprimitive is available.
Package pdftexcmds Info: \pdfdraftmode found.
Package: pdfescape 2011/11/25 v1.13 Implements pdfTeX's escape features (HO)
Package: bigintcalc 2012/04/08 v1.3 Expandable calculations on big integers (HO
)
Package: bitset 2011/01/30 v1.1 Handle bit-vector datatype (HO)
Package: uniquecounter 2011/01/30 v1.2 Provide unlimited unique counter (HO)
)
Package hobsub Info: Skipping package `hobsub' (already loaded).
Package: letltxmacro 2010/09/02 v1.4 Let assignment for LaTeX macros (HO)
Package: hopatch 2012/05/28 v1.2 Wrapper for package hooks (HO)
Package: xcolor-patch 2011/01/30 xcolor patch
Package: atveryend 2011/06/30 v1.8 Hooks at the very end of document (HO)
Package atveryend Info: \enddocument detected (standard20110627).
Package: atbegshi 2011/10/05 v1.16 At begin shipout hook (HO)
Package: refcount 2011/10/16 v3.4 Data extraction from label references (HO)
Package: hycolor 2011/01/30 v1.7 Color options for hyperref/bookmark (HO)
)
(/usr/local/texlive/2015/texmf-dist/tex/generic/ifxetex/ifxetex.sty
Package: ifxetex 2010/09/12 v0.6 Provides ifxetex conditional
)
(/usr/local/texlive/2015/texmf-dist/tex/latex/oberdiek/auxhook.sty
Package: auxhook 2011/03/04 v1.3 Hooks for auxiliary files (HO)
)
(/usr/local/texlive/2015/texmf-dist/tex/latex/oberdiek/kvoptions.sty
Package: kvoptions 2011/06/30 v3.11 Key value format for package options (HO)
)
\@linkdim=\dimen120
\Hy@linkcounter=\count107
\Hy@pagecounter=\count108

(/usr/local/texlive/2015/texmf-dist/tex/latex/hyperref/pd1enc.def
File: pd1enc.def 2012/11/06 v6.83m Hyperref: PDFDocEncoding definition (HO)
)
\Hy@SavedSpaceFactor=\count109

(/usr/local/texlive/2015/texmf-dist/tex/latex/latexconfig/hyperref.cfg
File: hyperref.cfg 2002/06/06 v1.2 hyperref configuration of TeXLive
)
Package hyperref Info: Hyper figures OFF on input line 4443.
Package hyperref Info: Link nesting OFF on input line 4448.
Package hyperref Info: Hyper index ON on input line 4451.
Package hyperref Info: Plain pages OFF on input line 4458.
Package hyperref Info: Backreferencing OFF on input line 4463.
Package hyperref Info: Implicit mode ON; LaTeX internals redefined.
Package hyperref Info: Bookmarks ON on input line 4688.
\c@Hy@tempcnt=\count110

(/usr/local/texlive/2015/texmf-dist/tex/latex/url/url.sty
\Urlmuskip=\muskip11
Package: url 2013/09/16  ver 3.4  Verb mode for urls, etc.
)
LaTeX Info: Redefining \url on input line 5041.
\XeTeXLinkMargin=\dimen121
\Fld@menulength=\count111
\Field@Width=\dimen122
\Fld@charsize=\dimen123
Package hyperref Info: Hyper figures OFF on input line 6295.
Package hyperref Info: Link nesting OFF on input line 6300.
Package hyperref Info: Hyper index ON on input line 6303.
Package hyperref Info: backreferencing OFF on input line 6310.
Package hyperref Info: Link coloring OFF on input line 6315.
Package hyperref Info: Link coloring with OCG OFF on input line 6320.
Package hyperref Info: PDF/A mode OFF on input line 6325.
LaTeX Info: Redefining \ref on input line 6365.
LaTeX Info: Redefining \pageref on input line 6369.
\Hy@abspage=\count112
\c@Item=\count113
\c@Hfootnote=\count114
)

Package hyperref Message: Driver (autodetected): hpdftex.

(/usr/local/texlive/2015/texmf-dist/tex/latex/hyperref/hpdftex.def
File: hpdftex.def 2012/11/06 v6.83m Hyperref driver for pdfTeX
\Fld@listcount=\count115
\c@bookmark@seq@number=\count116

(/usr/local/texlive/2015/texmf-dist/tex/latex/oberdiek/rerunfilecheck.sty
Package: rerunfilecheck 2011/04/15 v1.7 Rerun checks for auxiliary files (HO)
Package uniquecounter Info: New unique counter `rerunfilecheck' on input line 2
82.
)
\Hy@SectionHShift=\skip55
)
(/usr/local/texlive/2015/texmf-dist/tex/latex/xcolor/xcolor.sty
Package: xcolor 2007/01/21 v2.11 LaTeX color extensions (UK)

(/usr/local/texlive/2015/texmf-dist/tex/latex/latexconfig/color.cfg
File: color.cfg 2007/01/18 v1.5 color configuration of teTeX/TeXLive
)
Package xcolor Info: Driver file: pdftex.def on input line 225.
Package xcolor Info: Model `cmy' substituted by `cmy0' on input line 1337.
Package xcolor Info: Model `hsb' substituted by `rgb' on input line 1341.
Package xcolor Info: Model `RGB' extended on input line 1353.
Package xcolor Info: Model `HTML' substituted by `rgb' on input line 1355.
Package xcolor Info: Model `Hsb' substituted by `hsb' on input line 1356.
Package xcolor Info: Model `tHsb' substituted by `hsb' on input line 1357.
Package xcolor Info: Model `HSB' substituted by `hsb' on input line 1358.
Package xcolor Info: Model `Gray' substituted by `gray' on input line 1359.
Package xcolor Info: Model `wave' substituted by `hsb' on input line 1360.
)
(/usr/local/texlive/2015/texmf-dist/tex/latex/algorithm2e/algorithm2e.sty
Package: algorithm2e 2013/01/06 v5.00 algorithms environments
\c@AlgoLine=\count117

(/usr/local/texlive/2015/texmf-dist/tex/latex/base/ifthen.sty
Package: ifthen 2014/09/29 v1.1c Standard LaTeX ifthen package (DPC)
)
(/usr/local/texlive/2015/texmf-dist/tex/latex/tools/xspace.sty
Package: xspace 2014/10/28 v1.13 Space after command names (DPC,MH)
)
(/usr/local/texlive/2015/texmf-dist/tex/latex/relsize/relsize.sty
Package: relsize 2013/03/29 ver 4.1
)
********************************************************
Package `algorithm2e' Release 5.0 -- january 06 2013 --
- algorithm2e-announce@lirmm.fr mailing list for announcement about releases
- algorithm2e-discussion@lirmm.fr mailing list for discussion about package
subscribe by emailing sympa@lirmm.fr with 'subscribe <list> <firstname name>'
- Author: Christophe Fiorio (cfiorio@um2.fr)
********************************************************
\skiptotal=\skip56
\skiplinenumber=\skip57
\skiprule=\skip58
\skiphlne=\skip59
\skiptext=\skip60
\skiplength=\skip61
\algomargin=\skip62
\skipalgocfslide=\skip63
\algowidth=\dimen124
\inoutsize=\dimen125
\inoutindent=\dimen126
\interspacetitleruled=\dimen127
\interspacealgoruled=\dimen128
\interspacetitleboxruled=\dimen129
\algocf@inoutbox=\box32
\algocf@inputbox=\box33
\AlCapSkip=\skip64
\AlCapHSkip=\skip65
\algoskipindent=\skip66
\algocf@nlbox=\box34
\algocf@hangingbox=\box35
\algocf@untilbox=\box36
\algocf@skipuntil=\skip67
\algocf@capbox=\box37
\algoheightruledefault=\skip68
\algoheightrule=\skip69
\algotitleheightruledefault=\skip70
\algotitleheightrule=\skip71
\c@algocfline=\count118
\c@algocfproc=\count119
\c@algocf=\count120
\algocf@algoframe=\box38
\algocf@algobox=\box39
) (./preamble.tex)
\c@assumption=\count121
\c@lemma=\count122
\c@proposition=\count123
 (./csda_2015_YJC.aux

LaTeX Warning: Label `sec:quadra' multiply defined.


LaTeX Warning: Label `sec:proof:prop:equivalence' multiply defined.


LaTeX Warning: Label `eq:proof:1' multiply defined.


LaTeX Warning: Label `eq:proof:2' multiply defined.

)
\openout1 = `csda_2015_YJC.aux'.

LaTeX Font Info:    Checking defaults for OML/cmm/m/it on input line 95.
LaTeX Font Info:    ... okay on input line 95.
LaTeX Font Info:    Checking defaults for T1/cmr/m/n on input line 95.
LaTeX Font Info:    ... okay on input line 95.
LaTeX Font Info:    Checking defaults for OT1/cmr/m/n on input line 95.
LaTeX Font Info:    ... okay on input line 95.
LaTeX Font Info:    Checking defaults for OMS/cmsy/m/n on input line 95.
LaTeX Font Info:    ... okay on input line 95.
LaTeX Font Info:    Checking defaults for OMX/cmex/m/n on input line 95.
LaTeX Font Info:    ... okay on input line 95.
LaTeX Font Info:    Checking defaults for U/cmr/m/n on input line 95.
LaTeX Font Info:    ... okay on input line 95.
LaTeX Font Info:    Checking defaults for PD1/pdf/m/n on input line 95.
LaTeX Font Info:    ... okay on input line 95.
 (/usr/local/texlive/2015/texmf-dist/tex/context/base/supp-pdf.mkii
[Loading MPS to PDF converter (version 2006.09.02).]
\scratchcounter=\count124
\scratchdimen=\dimen130
\scratchbox=\box40
\nofMPsegments=\count125
\nofMParguments=\count126
\everyMPshowfont=\toks30
\MPscratchCnt=\count127
\MPscratchDim=\dimen131
\MPnumerator=\count128
\makeMPintoPDFobject=\count129
\everyMPtoPDFconversion=\toks31
) (/usr/local/texlive/2015/texmf-dist/tex/latex/oberdiek/epstopdf-base.sty
Package: epstopdf-base 2010/02/09 v2.5 Base part for package epstopdf

(/usr/local/texlive/2015/texmf-dist/tex/latex/oberdiek/grfext.sty
Package: grfext 2010/08/19 v1.1 Manage graphics extensions (HO)
)
Package grfext Info: Graphics extension search list:
(grfext)             [.png,.pdf,.jpg,.mps,.jpeg,.jbig2,.jb2,.PNG,.PDF,.JPG,.JPE
G,.JBIG2,.JB2,.eps]
(grfext)             \AppendGraphicsExtensions on input line 452.

(/usr/local/texlive/2015/texmf-dist/tex/latex/latexconfig/epstopdf-sys.cfg
File: epstopdf-sys.cfg 2010/07/13 v1.3 Configuration of (r)epstopdf for TeX Liv
e
))
\AtBeginShipoutBox=\box41
Package hyperref Info: Link coloring OFF on input line 95.

(/usr/local/texlive/2015/texmf-dist/tex/latex/hyperref/nameref.sty
Package: nameref 2012/10/27 v2.43 Cross-referencing by name of section

(/usr/local/texlive/2015/texmf-dist/tex/generic/oberdiek/gettitlestring.sty
Package: gettitlestring 2010/12/03 v1.4 Cleanup title references (HO)
)
\c@section@level=\count130
)
LaTeX Info: Redefining \ref on input line 95.
LaTeX Info: Redefining \pageref on input line 95.
LaTeX Info: Redefining \nameref on input line 95.

(./csda_2015_YJC.out) (./csda_2015_YJC.out)
\@outlinefile=\write4
\openout4 = `csda_2015_YJC.out'.

LaTeX Font Info:    Try loading font information for U+msa on input line 178.

(/usr/local/texlive/2015/texmf-dist/tex/latex/amsfonts/umsa.fd
File: umsa.fd 2013/01/14 v3.01 AMS symbols A
)
LaTeX Font Info:    Try loading font information for U+msb on input line 178.

(/usr/local/texlive/2015/texmf-dist/tex/latex/amsfonts/umsb.fd
File: umsb.fd 2013/01/14 v3.01 AMS symbols B
) (./intro.tex
[1


{/usr/local/texlive/2015/texmf-var/fonts/map/pdftex/updmap/pdftex.map}])
(./quadraticcrafter.tex [2] [3] [4]

LaTeX Warning: Reference `eq:general:dual' on page 5 undefined on input line 19
4.

(./elastic.tex

LaTeX Warning: Reference `eq:general:dual' on page 5 undefined on input line 22
.

<../figures/en_decomposition1.pdf, id=168, 371.3875pt x 384.43625pt>
File: ../figures/en_decomposition1.pdf Graphic file (type pdf)

<use ../figures/en_decomposition1.pdf>
Package pdftex.def Info: ../figures/en_decomposition1.pdf used on input line 50
.
(pdftex.def)             Requested size: 78.00029pt x 80.73985pt.

<../figures/en_decomposition2.pdf, id=169, 371.3875pt x 384.43625pt>
File: ../figures/en_decomposition2.pdf Graphic file (type pdf)

<use ../figures/en_decomposition2.pdf>
Package pdftex.def Info: ../figures/en_decomposition2.pdf used on input line 51
.
(pdftex.def)             Requested size: 78.00029pt x 80.73985pt.

<../figures/en_decomposition3.pdf, id=170, 371.3875pt x 384.43625pt>
File: ../figures/en_decomposition3.pdf Graphic file (type pdf)

<use ../figures/en_decomposition3.pdf>
Package pdftex.def Info: ../figures/en_decomposition3.pdf used on input line 52
.
(pdftex.def)             Requested size: 78.00029pt x 80.73985pt.

<../figures/en_decomposition4.pdf, id=171, 371.3875pt x 384.43625pt>
File: ../figures/en_decomposition4.pdf Graphic file (type pdf)

<use ../figures/en_decomposition4.pdf>
Package pdftex.def Info: ../figures/en_decomposition4.pdf used on input line 53
.
(pdftex.def)             Requested size: 78.00029pt x 80.73985pt.
 [5]
Overfull \hbox (27.64491pt too wide) in paragraph at lines 177--177
[] 
 []

<../figures/en_decomposition.pdf, id=181, 360.34625pt x 357.335pt>
File: ../figures/en_decomposition.pdf Graphic file (type pdf)

<use ../figures/en_decomposition.pdf>
Package pdftex.def Info: ../figures/en_decomposition.pdf used on input line 177
.
(pdftex.def)             Requested size: 96.74005pt x 95.93103pt.

Overfull \hbox (12.87685pt too wide) detected at line 177
\OMS/cmsy/m/n/6 f[] 2 \U/msb/m/n/6 R[] \OT1/cmr/m/n/6 : [] [][] \OMS/cmsy/m/n/6
 ^^T \OML/cmm/m/it/6 ^^Q[]\OMS/cmsy/m/n/6 g
 []


Overfull \hbox (27.18654pt too wide) in paragraph at lines 177--177
[] 
 []

<../figures/linf_decomposition.pdf, id=182, 360.34625pt x 357.335pt>
File: ../figures/linf_decomposition.pdf Graphic file (type pdf)

<use ../figures/linf_decomposition.pdf>
Package pdftex.def Info: ../figures/linf_decomposition.pdf used on input line 1
77.
(pdftex.def)             Requested size: 96.74005pt x 95.93103pt.

Overfull \hbox (7.75381pt too wide) in paragraph at lines 177--177
[] 
 []


Overfull \hbox (25.04695pt too wide) in paragraph at lines 177--177
[] 
 []

<../figures/oscar_decomposition.pdf, id=183, 360.34625pt x 357.335pt>
File: ../figures/oscar_decomposition.pdf Graphic file (type pdf)

<use ../figures/oscar_decomposition.pdf>
Package pdftex.def Info: ../figures/oscar_decomposition.pdf used on input line 
177.
(pdftex.def)             Requested size: 96.74005pt x 95.93103pt.

Overfull \hbox (37.74892pt too wide) in paragraph at lines 65--180
 [][] 
 []


LaTeX Warning: Float too large for page by 66.59816pt on input line 182.

) (./group.tex

LaTeX Warning: Reference `eq:general:dual' on page 6 undefined on input line 28
.

[6 <../figures/en_decomposition1.pdf> <../figures/en_decomposition2.pdf> <../fi
gures/en_decomposition3.pdf> <../figures/en_decomposition4.pdf>] [7 <../figures
/en_decomposition.pdf> <../figures/linf_decomposition.pdf> <../figures/oscar_de
composition.pdf>]

LaTeX Warning: Reference `eq:general:dual' on page 8 undefined on input line 92
.

<../figures/linf_decomposition1.pdf, id=251, 371.3875pt x 384.43625pt>
File: ../figures/linf_decomposition1.pdf Graphic file (type pdf)

<use ../figures/linf_decomposition1.pdf>
Package pdftex.def Info: ../figures/linf_decomposition1.pdf used on input line 
145.
(pdftex.def)             Requested size: 78.00029pt x 80.73985pt.

<../figures/linf_decomposition2.pdf, id=252, 371.3875pt x 384.43625pt>
File: ../figures/linf_decomposition2.pdf Graphic file (type pdf)

<use ../figures/linf_decomposition2.pdf>
Package pdftex.def Info: ../figures/linf_decomposition2.pdf used on input line 
146.
(pdftex.def)             Requested size: 78.00029pt x 80.73985pt.

<../figures/linf_decomposition3.pdf, id=253, 371.3875pt x 384.43625pt>
File: ../figures/linf_decomposition3.pdf Graphic file (type pdf)

<use ../figures/linf_decomposition3.pdf>
Package pdftex.def Info: ../figures/linf_decomposition3.pdf used on input line 
147.
(pdftex.def)             Requested size: 78.00029pt x 80.73985pt.

<../figures/linf_decomposition4.pdf, id=254, 371.3875pt x 384.43625pt>
File: ../figures/linf_decomposition4.pdf Graphic file (type pdf)

<use ../figures/linf_decomposition4.pdf>
Package pdftex.def Info: ../figures/linf_decomposition4.pdf used on input line 
148.
(pdftex.def)             Requested size: 78.00029pt x 80.73985pt.
 [8])
File: ../figures/en_decomposition.pdf Graphic file (type pdf)

<use ../figures/en_decomposition.pdf>
Package pdftex.def Info: ../figures/en_decomposition.pdf used on input line 232
.
(pdftex.def)             Requested size: 140.3969pt x 139.22377pt.
File: ../figures/linf_decomposition.pdf Graphic file (type pdf)
 <use ../figures/linf_decomposition.pdf>
Package pdftex.def Info: ../figures/linf_decomposition.pdf used on input line 2
33.
(pdftex.def)             Requested size: 140.3969pt x 139.22377pt.
File: ../figures/oscar_decomposition.pdf Graphic file (type pdf)

<use ../figures/oscar_decomposition.pdf>
Package pdftex.def Info: ../figures/oscar_decomposition.pdf used on input line 
234.
(pdftex.def)             Requested size: 140.3969pt x 139.22377pt.
) (./algo.tex [9 <../figures/linf_decomposition1.pdf> <../figures/linf_decompos
ition2.pdf> <../figures/linf_decomposition3.pdf> <../figures/linf_decomposition
4.pdf>] [10]

LaTeX Warning: Reference `eq:general:dual' on page 11 undefined on input line 3
0.


LaTeX Warning: Reference `eq:general:dual' on page 11 undefined on input line 3
2.


LaTeX Warning: Reference `eq:general:dual' on page 11 undefined on input line 1
40.

[11]

LaTeX Warning: Text page 12 contains only floats.

[12] <../figures/monitoring_bounds.pdf, id=355, 867.24pt x 505.89pt>
File: ../figures/monitoring_bounds.pdf Graphic file (type pdf)

<use ../figures/monitoring_bounds.pdf>
Package pdftex.def Info: ../figures/monitoring_bounds.pdf used on input line 21
9.
(pdftex.def)             Requested size: 333.44666pt x 194.50964pt.
 [13]) (./numerical.tex [14 <../figures/monitoring_bounds.pdf>] [15] [16]
LaTeX Font Info:    Try loading font information for OMS+cmr on input line 144.


(/usr/local/texlive/2015/texmf-dist/tex/latex/base/omscmr.fd
File: omscmr.fd 2014/09/29 v2.5h Standard LaTeX font definitions
)
LaTeX Font Info:    Font shape `OMS/cmr/m/n' in size <12> not available
(Font)              Font shape `OMS/cmsy/m/n' tried instead on input line 144.

Overfull \hbox (8.68843pt too wide) in paragraph at lines 144--145
[]\OT1/cmr/m/n/12 low, medium and high cor-re-la-tion be-tween pre-dic-tors ($\
OML/cmm/m/it/12 ^^Z \OMS/cmsy/m/n/12 2 f\OT1/cmr/m/n/12 0\OML/cmm/m/it/12 :\OT1
/cmr/m/n/12 1\OML/cmm/m/it/12 ; \OT1/cmr/m/n/12 0\OML/cmm/m/it/12 :\OT1/cmr/m/n
/12 4\OML/cmm/m/it/12 ; \OT1/cmr/m/n/12 0\OML/cmm/m/it/12 :\OT1/cmr/m/n/12 8\OM
S/cmsy/m/n/12 g$\OT1/cmr/m/n/12 ), 
 []

<../figures/timing_all.pdf, id=414, 1084.05pt x 722.7pt>
File: ../figures/timing_all.pdf Graphic file (type pdf)

<use ../figures/timing_all.pdf>
Package pdftex.def Info: ../figures/timing_all.pdf used on input line 167.
(pdftex.def)             Requested size: 1084.04736pt x 722.69823pt.
 [17] [18 <../figures/timing_all.pdf>] [19]
<../figures/timing_others_low.pdf, id=460, 505.89pt x 505.89pt>
File: ../figures/timing_others_low.pdf Graphic file (type pdf)

<use ../figures/timing_others_low.pdf>
Package pdftex.def Info: ../figures/timing_others_low.pdf used on input line 31
9.
(pdftex.def)             Requested size: 140.3969pt x 140.3977pt.

<../figures/timing_others_med.pdf, id=461, 505.89pt x 505.89pt>
File: ../figures/timing_others_med.pdf Graphic file (type pdf)

<use ../figures/timing_others_med.pdf>
Package pdftex.def Info: ../figures/timing_others_med.pdf used on input line 32
2.
(pdftex.def)             Requested size: 140.3969pt x 140.3977pt.

<../figures/timing_others_hig.pdf, id=462, 505.89pt x 505.89pt>
File: ../figures/timing_others_hig.pdf Graphic file (type pdf)

<use ../figures/timing_others_hig.pdf>
Package pdftex.def Info: ../figures/timing_others_hig.pdf used on input line 32
6.
(pdftex.def)             Requested size: 140.3969pt x 140.3977pt.

<../figures/timing_others_legend.pdf, id=463, 505.89pt x 505.89pt>
File: ../figures/timing_others_legend.pdf Graphic file (type pdf)

<use ../figures/timing_others_legend.pdf>
Package pdftex.def Info: ../figures/timing_others_legend.pdf used on input line
 327.
(pdftex.def)             Requested size: 140.3969pt x 140.3977pt.
 [20] [21 <../figures/timing_others_low.pdf> <../figures/timing_others_med.pdf>
 <../figures/timing_others_hig.pdf> <../figures/timing_others_legend.pdf>] [22]

<../figures/accuracy.pdf, id=540, 505.89pt x 505.89pt>
File: ../figures/accuracy.pdf Graphic file (type pdf)

<use ../figures/accuracy.pdf>
Package pdftex.def Info: ../figures/accuracy.pdf used on input line 474.
(pdftex.def)             Requested size: 505.88875pt x 505.88875pt.

Overfull \hbox (10.5407pt too wide) in paragraph at lines 470--481
 [][] 
 []


Overfull \hbox (2.00345pt too wide) in paragraph at lines 500--508
[][] 
 []


Overfull \hbox (0.63982pt too wide) in paragraph at lines 512--521
[]\OT1/cmr/m/n/12 Now fo-cus-ing on \OT1/cmtt/m/n/10.95 glmnet \OT1/cmr/m/n/12 
per-for-mances, the bet-ter the ac-cu-racy, the smaller
 []

) (./discussion.tex [23] [24 <../figures/accuracy.pdf>]
Underfull \hbox (badness 10000) in paragraph at lines 13--19

 []


Underfull \hbox (badness 10000) in paragraph at lines 21--30

 []


Underfull \hbox (badness 10000) in paragraph at lines 37--42

 []

) [25] (./csda_2015_YJC.bbl [26] [27]) (./proofs.tex

LaTeX Warning: Reference `prop:equivalence' on page 28 undefined on input line 
3.


LaTeX Warning: Reference `eq:robust:general:form1' on page 28 undefined on inpu
t line 6.


LaTeX Warning: Reference `eq:robust:general:form2' on page 28 undefined on inpu
t line 7.


LaTeX Warning: Reference `eq:robust:general:form2' on page 28 undefined on inpu
t line 27.


LaTeX Warning: Reference `prop:equivalence' on page 28 undefined on input line 
47.


LaTeX Warning: Reference `eq:robust:general:form1' on page 28 undefined on inpu
t line 50.


LaTeX Warning: Reference `eq:robust:general:form2' on page 28 undefined on inpu
t line 51.

[28]

LaTeX Warning: Reference `eq:robust:general:form2' on page 29 undefined on inpu
t line 71.


Overfull \hbox (58.0653pt too wide) in paragraph at lines 276--276
[] 
 []

[29]
Overfull \hbox (19.54782pt too wide) in paragraph at lines 346--351
\OT1/cmr/m/n/12 given $[]$-value, in par-tic-u-lar for $[][](\OML/cmm/m/it/12 '
[]\OT1/cmr/m/n/12 ([]\OML/cmm/m/it/12 ; \OMS/cmsy/m/n/12 S\OML/cmm/m/it/12 ; \
OT1/cmr/m/n/12 )) = [][] \OML/cmm/m/it/12 J[] []$\OT1/cmr/m/n/12 : 
 []

[30])
Package atveryend Info: Empty hook `BeforeClearDocument' on input line 203.
 [31]
Package atveryend Info: Empty hook `AfterLastShipout' on input line 203.
 (./csda_2015_YJC.aux)
Package atveryend Info: Executing hook `AtVeryEndDocument' on input line 203.
Package atveryend Info: Executing hook `AtEndAfterFileList' on input line 203.
Package rerunfilecheck Info: File `csda_2015_YJC.out' has not changed.
(rerunfilecheck)             Checksum: DEF269837F3EA585A66A8B5E8721A92F;1412.


LaTeX Warning: There were undefined references.


LaTeX Warning: There were multiply-defined labels.

Package atveryend Info: Empty hook `AtVeryVeryEnd' on input line 203.
 ) 
Here is how much of TeX's memory you used:
 8984 strings out of 493089
 126962 string characters out of 6134843
 264690 words of memory out of 5000000
 12180 multiletter control sequences out of 15000+600000
 21549 words of font info for 80 fonts, out of 8000000 for 9000
 1141 hyphenation exceptions out of 8191
 34i,27n,35p,1752b,565s stack positions out of 5000i,500n,10000p,200000b,80000s
</usr/local/texlive/2015/texmf-dist/fonts/type1/public/amsfonts/cm/cmbx10.pfb
></usr/local/texlive/2015/texmf-dist/fonts/type1/public/amsfonts/cm/cmbx12.pfb>
</usr/local/texlive/2015/texmf-dist/fonts/type1/public/amsfonts/cm/cmbx6.pfb></
usr/local/texlive/2015/texmf-dist/fonts/type1/public/amsfonts/cm/cmbx8.pfb></us
r/local/texlive/2015/texmf-dist/fonts/type1/public/amsfonts/cm/cmex10.pfb></usr
/local/texlive/2015/texmf-dist/fonts/type1/public/amsfonts/cmextra/cmex7.pfb></
usr/local/texlive/2015/texmf-dist/fonts/type1/public/amsfonts/cm/cmmi10.pfb></u
sr/local/texlive/2015/texmf-dist/fonts/type1/public/amsfonts/cm/cmmi12.pfb></us
r/local/texlive/2015/texmf-dist/fonts/type1/public/amsfonts/cm/cmmi5.pfb></usr/
local/texlive/2015/texmf-dist/fonts/type1/public/amsfonts/cm/cmmi6.pfb></usr/lo
cal/texlive/2015/texmf-dist/fonts/type1/public/amsfonts/cm/cmmi7.pfb></usr/loca
l/texlive/2015/texmf-dist/fonts/type1/public/amsfonts/cm/cmmi8.pfb></usr/local/
texlive/2015/texmf-dist/fonts/type1/public/amsfonts/cm/cmmib10.pfb></usr/local/
texlive/2015/texmf-dist/fonts/type1/public/amsfonts/cmextra/cmmib5.pfb></usr/lo
cal/texlive/2015/texmf-dist/fonts/type1/public/amsfonts/cmextra/cmmib6.pfb></us
r/local/texlive/2015/texmf-dist/fonts/type1/public/amsfonts/cmextra/cmmib8.pfb>
</usr/local/texlive/2015/texmf-dist/fonts/type1/public/amsfonts/cm/cmr10.pfb></
usr/local/texlive/2015/texmf-dist/fonts/type1/public/amsfonts/cm/cmr12.pfb></us
r/local/texlive/2015/texmf-dist/fonts/type1/public/amsfonts/cm/cmr17.pfb></usr/
local/texlive/2015/texmf-dist/fonts/type1/public/amsfonts/cm/cmr5.pfb></usr/loc
al/texlive/2015/texmf-dist/fonts/type1/public/amsfonts/cm/cmr6.pfb></usr/local/
texlive/2015/texmf-dist/fonts/type1/public/amsfonts/cm/cmr7.pfb></usr/local/tex
live/2015/texmf-dist/fonts/type1/public/amsfonts/cm/cmr8.pfb></usr/local/texliv
e/2015/texmf-dist/fonts/type1/public/amsfonts/cm/cmsy10.pfb></usr/local/texlive
/2015/texmf-dist/fonts/type1/public/amsfonts/cm/cmsy5.pfb></usr/local/texlive/2
015/texmf-dist/fonts/type1/public/amsfonts/cm/cmsy6.pfb></usr/local/texlive/201
5/texmf-dist/fonts/type1/public/amsfonts/cm/cmsy7.pfb></usr/local/texlive/2015/
texmf-dist/fonts/type1/public/amsfonts/cm/cmsy8.pfb></usr/local/texlive/2015/te
xmf-dist/fonts/type1/public/amsfonts/cm/cmti10.pfb></usr/local/texlive/2015/tex
mf-dist/fonts/type1/public/amsfonts/cm/cmti12.pfb></usr/local/texlive/2015/texm
f-dist/fonts/type1/public/amsfonts/cm/cmtt10.pfb></usr/local/texlive/2015/texmf
-dist/fonts/type1/public/amsfonts/cm/cmtt12.pfb></usr/local/texlive/2015/texmf-
dist/fonts/type1/public/amsfonts/symbols/msam10.pfb></usr/local/texlive/2015/te
xmf-dist/fonts/type1/public/amsfonts/symbols/msam5.pfb></usr/local/texlive/2015
/texmf-dist/fonts/type1/public/amsfonts/symbols/msbm10.pfb></usr/local/texlive/
2015/texmf-dist/fonts/type1/public/amsfonts/symbols/msbm5.pfb></usr/local/texli
ve/2015/texmf-dist/fonts/type1/public/amsfonts/symbols/msbm7.pfb>
Output written on csda_2015_YJC.pdf (31 pages, 917827 bytes).
PDF statistics:
 777 PDF objects out of 1000 (max. 8388607)
 613 compressed objects within 7 object streams
 118 named destinations out of 1000 (max. 500000)
 259 words of extra memory for PDF output out of 10000 (max. 10000000)

