This is pdfTeX, Version 3.14159265-2.6-1.40.16 (TeX Live 2015) (preloaded format=pdflatex 2015.7.7)  13 FEB 2018 15:31
entering extended mode
 restricted \write18 enabled.
 %&-line parsing enabled.
**main
(./main.tex
LaTeX2e <2015/01/01>
Babel <3.9l> and hyphenation patterns for 79 languages loaded.
(./texMemo.cls
Document Class: texMemo 2010/07/31 - Simple Memo Class, Including Logo
(/usr/local/texlive/2015/texmf-dist/tex/latex/psnfss/palatino.sty
Package: palatino 2005/04/12 PSNFSS-v9.2a (SPQR) 
)
(/usr/local/texlive/2015/texmf-dist/tex/latex/base/article.cls
Document Class: article 2014/09/29 v1.4h Standard LaTeX document class
(/usr/local/texlive/2015/texmf-dist/tex/latex/base/size11.clo
File: size11.clo 2014/09/29 v1.4h Standard LaTeX file (size option)
)
\c@part=\count79
\c@section=\count80
\c@subsection=\count81
\c@subsubsection=\count82
\c@paragraph=\count83
\c@subparagraph=\count84
\c@figure=\count85
\c@table=\count86
\abovecaptionskip=\skip41
\belowcaptionskip=\skip42
\bibindent=\dimen102
)
(/usr/local/texlive/2015/texmf-dist/tex/latex/base/ifthen.sty
Package: ifthen 2014/09/29 v1.1c Standard LaTeX ifthen package (DPC)
)
(/usr/local/texlive/2015/texmf-dist/tex/latex/geometry/geometry.sty
Package: geometry 2010/09/12 v5.6 Page Geometry

(/usr/local/texlive/2015/texmf-dist/tex/latex/graphics/keyval.sty
Package: keyval 2014/10/28 v1.15 key=value parser (DPC)
\KV@toks@=\toks14
)
(/usr/local/texlive/2015/texmf-dist/tex/generic/oberdiek/ifpdf.sty
Package: ifpdf 2011/01/30 v2.3 Provides the ifpdf switch (HO)
Package ifpdf Info: pdfTeX in PDF mode is detected.
)
(/usr/local/texlive/2015/texmf-dist/tex/generic/oberdiek/ifvtex.sty
Package: ifvtex 2010/03/01 v1.5 Detect VTeX and its facilities (HO)
Package ifvtex Info: VTeX not detected.
)
(/usr/local/texlive/2015/texmf-dist/tex/generic/ifxetex/ifxetex.sty
Package: ifxetex 2010/09/12 v0.6 Provides ifxetex conditional
)
\Gm@cnth=\count87
\Gm@cntv=\count88
\c@Gm@tempcnt=\count89
\Gm@bindingoffset=\dimen103
\Gm@wd@mp=\dimen104
\Gm@odd@mp=\dimen105
\Gm@even@mp=\dimen106
\Gm@layoutwidth=\dimen107
\Gm@layoutheight=\dimen108
\Gm@layouthoffset=\dimen109
\Gm@layoutvoffset=\dimen110
\Gm@dimlist=\toks15
))
(/usr/local/texlive/2015/texmf-dist/tex/generic/babel/babel.sty
Package: babel 2014/09/25 3.9l The Babel package

(/usr/local/texlive/2015/texmf-dist/tex/generic/babel-english/english.ldf
Language: english 2012/08/20 v3.3p English support from the babel system

(/usr/local/texlive/2015/texmf-dist/tex/generic/babel/babel.def
File: babel.def 2014/09/25 3.9l Babel common definitions
\babel@savecnt=\count90
\U@D=\dimen111
)
\l@canadian = a dialect from \language\l@american 
\l@australian = a dialect from \language\l@british 
\l@newzealand = a dialect from \language\l@british 
))
(/usr/local/texlive/2015/texmf-dist/tex/latex/graphics/graphicx.sty
Package: graphicx 2014/10/28 v1.0g Enhanced LaTeX Graphics (DPC,SPQR)

(/usr/local/texlive/2015/texmf-dist/tex/latex/graphics/graphics.sty
Package: graphics 2014/10/28 v1.0p Standard LaTeX Graphics (DPC,SPQR)

(/usr/local/texlive/2015/texmf-dist/tex/latex/graphics/trig.sty
Package: trig 1999/03/16 v1.09 sin cos tan (DPC)
)
(/usr/local/texlive/2015/texmf-dist/tex/latex/latexconfig/graphics.cfg
File: graphics.cfg 2010/04/23 v1.9 graphics configuration of TeX Live
)
Package graphics Info: Driver file: pdftex.def on input line 94.

(/usr/local/texlive/2015/texmf-dist/tex/latex/pdftex-def/pdftex.def
File: pdftex.def 2011/05/27 v0.06d Graphics/color for pdfTeX

(/usr/local/texlive/2015/texmf-dist/tex/generic/oberdiek/infwarerr.sty
Package: infwarerr 2010/04/08 v1.3 Providing info/warning/error messages (HO)
)
(/usr/local/texlive/2015/texmf-dist/tex/generic/oberdiek/ltxcmds.sty
Package: ltxcmds 2011/11/09 v1.22 LaTeX kernel commands for general use (HO)
)
\Gread@gobject=\count91
))
\Gin@req@height=\dimen112
\Gin@req@width=\dimen113
)
(/usr/local/texlive/2015/texmf-dist/tex/latex/lipsum/lipsum.sty
Package: lipsum 2014/07/27 v1.3 150 paragraphs of Lorem Ipsum dummy text
\c@lips@count=\count92
)
(/usr/local/texlive/2015/texmf-dist/tex/latex/amsfonts/amssymb.sty
Package: amssymb 2013/01/14 v3.01 AMS font symbols

(/usr/local/texlive/2015/texmf-dist/tex/latex/amsfonts/amsfonts.sty
Package: amsfonts 2013/01/14 v3.01 Basic AMSFonts support
\@emptytoks=\toks16
\symAMSa=\mathgroup4
\symAMSb=\mathgroup5
LaTeX Font Info:    Overwriting math alphabet `\mathfrak' in version `bold'
(Font)                  U/euf/m/n --> U/euf/b/n on input line 106.
))
(/usr/local/texlive/2015/texmf-dist/tex/latex/amscls/amsthm.sty
Package: amsthm 2015/03/04 v2.20.2
\thm@style=\toks17
\thm@bodyfont=\toks18
\thm@headfont=\toks19
\thm@notefont=\toks20
\thm@headpunct=\toks21
\thm@preskip=\skip43
\thm@postskip=\skip44
\thm@headsep=\skip45
\dth@everypar=\toks22
)
(/usr/local/texlive/2015/texmf-dist/tex/latex/amsmath/amsmath.sty
Package: amsmath 2013/01/14 v2.14 AMS math features
\@mathmargin=\skip46

For additional information on amsmath, use the `?' option.
(/usr/local/texlive/2015/texmf-dist/tex/latex/amsmath/amstext.sty
Package: amstext 2000/06/29 v2.01

(/usr/local/texlive/2015/texmf-dist/tex/latex/amsmath/amsgen.sty
File: amsgen.sty 1999/11/30 v2.0
\@emptytoks=\toks23
\ex@=\dimen114
))
(/usr/local/texlive/2015/texmf-dist/tex/latex/amsmath/amsbsy.sty
Package: amsbsy 1999/11/29 v1.2d
\pmbraise@=\dimen115
)
(/usr/local/texlive/2015/texmf-dist/tex/latex/amsmath/amsopn.sty
Package: amsopn 1999/12/14 v2.01 operator names
)
\inf@bad=\count93
LaTeX Info: Redefining \frac on input line 210.
\uproot@=\count94
\leftroot@=\count95
LaTeX Info: Redefining \overline on input line 306.
\classnum@=\count96
\DOTSCASE@=\count97
LaTeX Info: Redefining \ldots on input line 378.
LaTeX Info: Redefining \dots on input line 381.
LaTeX Info: Redefining \cdots on input line 466.
\Mathstrutbox@=\box26
\strutbox@=\box27
\big@size=\dimen116
LaTeX Font Info:    Redeclaring font encoding OML on input line 566.
LaTeX Font Info:    Redeclaring font encoding OMS on input line 567.
\macc@depth=\count98
\c@MaxMatrixCols=\count99
\dotsspace@=\muskip10
\c@parentequation=\count100
\dspbrk@lvl=\count101
\tag@help=\toks24
\row@=\count102
\column@=\count103
\maxfields@=\count104
\andhelp@=\toks25
\eqnshift@=\dimen117
\alignsep@=\dimen118
\tagshift@=\dimen119
\tagwidth@=\dimen120
\totwidth@=\dimen121
\lineht@=\dimen122
\@envbody=\toks26
\multlinegap=\skip47
\multlinetaggap=\skip48
\mathdisplay@stack=\toks27
LaTeX Info: Redefining \[ on input line 2665.
LaTeX Info: Redefining \] on input line 2666.
)
(/usr/local/texlive/2015/texmf-dist/tex/latex/tools/array.sty
Package: array 2014/10/28 v2.4c Tabular extension package (FMi)
\col@sep=\dimen123
\extrarowheight=\dimen124
\NC@list=\toks28
\extratabsurround=\skip49
\backup@length=\skip50
)
(/usr/local/texlive/2015/texmf-dist/tex/latex/natbib/natbib.sty
Package: natbib 2010/09/13 8.31b (PWD, AO)
\bibhang=\skip51
\bibsep=\skip52
LaTeX Info: Redefining \cite on input line 694.
\c@NAT@ctr=\count105
)
(/usr/local/texlive/2015/texmf-dist/tex/latex/hyperref/hyperref.sty
Package: hyperref 2012/11/06 v6.83m Hypertext links for LaTeX

(/usr/local/texlive/2015/texmf-dist/tex/generic/oberdiek/hobsub-hyperref.sty
Package: hobsub-hyperref 2012/05/28 v1.13 Bundle oberdiek, subset hyperref (HO)


(/usr/local/texlive/2015/texmf-dist/tex/generic/oberdiek/hobsub-generic.sty
Package: hobsub-generic 2012/05/28 v1.13 Bundle oberdiek, subset generic (HO)
Package: hobsub 2012/05/28 v1.13 Construct package bundles (HO)
Package hobsub Info: Skipping package `infwarerr' (already loaded).
Package hobsub Info: Skipping package `ltxcmds' (already loaded).
Package: ifluatex 2010/03/01 v1.3 Provides the ifluatex switch (HO)
Package ifluatex Info: LuaTeX not detected.
Package hobsub Info: Skipping package `ifvtex' (already loaded).
Package: intcalc 2007/09/27 v1.1 Expandable calculations with integers (HO)
Package hobsub Info: Skipping package `ifpdf' (already loaded).
Package: etexcmds 2011/02/16 v1.5 Avoid name clashes with e-TeX commands (HO)
Package etexcmds Info: Could not find \expanded.
(etexcmds)             That can mean that you are not using pdfTeX 1.50 or
(etexcmds)             that some package has redefined \expanded.
(etexcmds)             In the latter case, load this package earlier.
Package: kvsetkeys 2012/04/25 v1.16 Key value parser (HO)
Package: kvdefinekeys 2011/04/07 v1.3 Define keys (HO)
Package: pdftexcmds 2011/11/29 v0.20 Utility functions of pdfTeX for LuaTeX (HO
)
Package pdftexcmds Info: LuaTeX not detected.
Package pdftexcmds Info: \pdf@primitive is available.
Package pdftexcmds Info: \pdf@ifprimitive is available.
Package pdftexcmds Info: \pdfdraftmode found.
Package: pdfescape 2011/11/25 v1.13 Implements pdfTeX's escape features (HO)
Package: bigintcalc 2012/04/08 v1.3 Expandable calculations on big integers (HO
)
Package: bitset 2011/01/30 v1.1 Handle bit-vector datatype (HO)
Package: uniquecounter 2011/01/30 v1.2 Provide unlimited unique counter (HO)
)
Package hobsub Info: Skipping package `hobsub' (already loaded).
Package: letltxmacro 2010/09/02 v1.4 Let assignment for LaTeX macros (HO)
Package: hopatch 2012/05/28 v1.2 Wrapper for package hooks (HO)
Package: xcolor-patch 2011/01/30 xcolor patch
Package: atveryend 2011/06/30 v1.8 Hooks at the very end of document (HO)
Package atveryend Info: \enddocument detected (standard20110627).
Package: atbegshi 2011/10/05 v1.16 At begin shipout hook (HO)
Package: refcount 2011/10/16 v3.4 Data extraction from label references (HO)
Package: hycolor 2011/01/30 v1.7 Color options for hyperref/bookmark (HO)
)
(/usr/local/texlive/2015/texmf-dist/tex/latex/oberdiek/auxhook.sty
Package: auxhook 2011/03/04 v1.3 Hooks for auxiliary files (HO)
)
(/usr/local/texlive/2015/texmf-dist/tex/latex/oberdiek/kvoptions.sty
Package: kvoptions 2011/06/30 v3.11 Key value format for package options (HO)
)
\@linkdim=\dimen125
\Hy@linkcounter=\count106
\Hy@pagecounter=\count107

(/usr/local/texlive/2015/texmf-dist/tex/latex/hyperref/pd1enc.def
File: pd1enc.def 2012/11/06 v6.83m Hyperref: PDFDocEncoding definition (HO)
)
\Hy@SavedSpaceFactor=\count108

(/usr/local/texlive/2015/texmf-dist/tex/latex/latexconfig/hyperref.cfg
File: hyperref.cfg 2002/06/06 v1.2 hyperref configuration of TeXLive
)
Package hyperref Info: Hyper figures OFF on input line 4443.
Package hyperref Info: Link nesting OFF on input line 4448.
Package hyperref Info: Hyper index ON on input line 4451.
Package hyperref Info: Plain pages OFF on input line 4458.
Package hyperref Info: Backreferencing OFF on input line 4463.
Package hyperref Info: Implicit mode ON; LaTeX internals redefined.
Package hyperref Info: Bookmarks ON on input line 4688.
\c@Hy@tempcnt=\count109

(/usr/local/texlive/2015/texmf-dist/tex/latex/url/url.sty
\Urlmuskip=\muskip11
Package: url 2013/09/16  ver 3.4  Verb mode for urls, etc.
)
LaTeX Info: Redefining \url on input line 5041.
\XeTeXLinkMargin=\dimen126
\Fld@menulength=\count110
\Field@Width=\dimen127
\Fld@charsize=\dimen128
Package hyperref Info: Hyper figures OFF on input line 6295.
Package hyperref Info: Link nesting OFF on input line 6300.
Package hyperref Info: Hyper index ON on input line 6303.
Package hyperref Info: backreferencing OFF on input line 6310.
Package hyperref Info: Link coloring OFF on input line 6315.
Package hyperref Info: Link coloring with OCG OFF on input line 6320.
Package hyperref Info: PDF/A mode OFF on input line 6325.
LaTeX Info: Redefining \ref on input line 6365.
LaTeX Info: Redefining \pageref on input line 6369.
\Hy@abspage=\count111
\c@Item=\count112
\c@Hfootnote=\count113
)

Package hyperref Message: Driver (autodetected): hpdftex.

(/usr/local/texlive/2015/texmf-dist/tex/latex/hyperref/hpdftex.def
File: hpdftex.def 2012/11/06 v6.83m Hyperref driver for pdfTeX
\Fld@listcount=\count114
\c@bookmark@seq@number=\count115

(/usr/local/texlive/2015/texmf-dist/tex/latex/oberdiek/rerunfilecheck.sty
Package: rerunfilecheck 2011/04/15 v1.7 Rerun checks for auxiliary files (HO)
Package uniquecounter Info: New unique counter `rerunfilecheck' on input line 2
82.
)
\Hy@SectionHShift=\skip53
)
(/usr/local/texlive/2015/texmf-dist/tex/latex/xcolor/xcolor.sty
Package: xcolor 2007/01/21 v2.11 LaTeX color extensions (UK)

(/usr/local/texlive/2015/texmf-dist/tex/latex/latexconfig/color.cfg
File: color.cfg 2007/01/18 v1.5 color configuration of teTeX/TeXLive
)
Package xcolor Info: Driver file: pdftex.def on input line 225.
Package xcolor Info: Model `cmy' substituted by `cmy0' on input line 1337.
Package xcolor Info: Model `hsb' substituted by `rgb' on input line 1341.
Package xcolor Info: Model `RGB' extended on input line 1353.
Package xcolor Info: Model `HTML' substituted by `rgb' on input line 1355.
Package xcolor Info: Model `Hsb' substituted by `hsb' on input line 1356.
Package xcolor Info: Model `tHsb' substituted by `hsb' on input line 1357.
Package xcolor Info: Model `HSB' substituted by `hsb' on input line 1358.
Package xcolor Info: Model `Gray' substituted by `gray' on input line 1359.
Package xcolor Info: Model `wave' substituted by `hsb' on input line 1360.
)
(../CSDA/preamble.tex)
\c@assumption=\count116
\c@lemma=\count117
\c@proposition=\count118
 (./main.aux)
\openout1 = `main.aux'.

LaTeX Font Info:    Checking defaults for OML/cmm/m/it on input line 66.
LaTeX Font Info:    ... okay on input line 66.
LaTeX Font Info:    Checking defaults for T1/cmr/m/n on input line 66.
LaTeX Font Info:    ... okay on input line 66.
LaTeX Font Info:    Checking defaults for OT1/cmr/m/n on input line 66.
LaTeX Font Info:    ... okay on input line 66.
LaTeX Font Info:    Checking defaults for OMS/cmsy/m/n on input line 66.
LaTeX Font Info:    ... okay on input line 66.
LaTeX Font Info:    Checking defaults for OMX/cmex/m/n on input line 66.
LaTeX Font Info:    ... okay on input line 66.
LaTeX Font Info:    Checking defaults for U/cmr/m/n on input line 66.
LaTeX Font Info:    ... okay on input line 66.
LaTeX Font Info:    Checking defaults for PD1/pdf/m/n on input line 66.
LaTeX Font Info:    ... okay on input line 66.
LaTeX Font Info:    Try loading font information for OT1+ppl on input line 66.

(/usr/local/texlive/2015/texmf-dist/tex/latex/psnfss/ot1ppl.fd
File: ot1ppl.fd 2001/06/04 font definitions for OT1/ppl.
)
*geometry* driver: auto-detecting
*geometry* detected driver: pdftex
*geometry* verbose mode - [ preamble ] result:
* driver: pdftex
* paper: a4paper
* layout: <same size as paper>
* layoutoffset:(h,v)=(0.0pt,0.0pt)
* modes: 
* h-part:(L,W,R)=(72.26999pt, 452.9679pt, 72.26999pt)
* v-part:(T,H,B)=(72.26999pt, 700.50687pt, 72.26999pt)
* \paperwidth=597.50787pt
* \paperheight=845.04684pt
* \textwidth=452.9679pt
* \textheight=700.50687pt
* \oddsidemargin=0.0pt
* \evensidemargin=0.0pt
* \topmargin=-37.0pt
* \headheight=12.0pt
* \headsep=25.0pt
* \topskip=11.0pt
* \footskip=30.0pt
* \marginparwidth=50.0pt
* \marginparsep=10.0pt
* \columnsep=10.0pt
* \skip\footins=10.0pt plus 4.0pt minus 2.0pt
* \hoffset=0.0pt
* \voffset=0.0pt
* \mag=1000
* \@twocolumnfalse
* \@twosidefalse
* \@mparswitchfalse
* \@reversemarginfalse
* (1in=72.27pt=25.4mm, 1cm=28.453pt)

(/usr/local/texlive/2015/texmf-dist/tex/context/base/supp-pdf.mkii
[Loading MPS to PDF converter (version 2006.09.02).]
\scratchcounter=\count119
\scratchdimen=\dimen129
\scratchbox=\box28
\nofMPsegments=\count120
\nofMParguments=\count121
\everyMPshowfont=\toks29
\MPscratchCnt=\count122
\MPscratchDim=\dimen130
\MPnumerator=\count123
\makeMPintoPDFobject=\count124
\everyMPtoPDFconversion=\toks30
) (/usr/local/texlive/2015/texmf-dist/tex/latex/oberdiek/epstopdf-base.sty
Package: epstopdf-base 2010/02/09 v2.5 Base part for package epstopdf

(/usr/local/texlive/2015/texmf-dist/tex/latex/oberdiek/grfext.sty
Package: grfext 2010/08/19 v1.1 Manage graphics extensions (HO)
)
Package grfext Info: Graphics extension search list:
(grfext)             [.png,.pdf,.jpg,.mps,.jpeg,.jbig2,.jb2,.PNG,.PDF,.JPG,.JPE
G,.JBIG2,.JB2,.eps]
(grfext)             \AppendGraphicsExtensions on input line 452.

(/usr/local/texlive/2015/texmf-dist/tex/latex/latexconfig/epstopdf-sys.cfg
File: epstopdf-sys.cfg 2010/07/13 v1.3 Configuration of (r)epstopdf for TeX Liv
e
))
\AtBeginShipoutBox=\box29
Package hyperref Info: Link coloring OFF on input line 66.

(/usr/local/texlive/2015/texmf-dist/tex/latex/hyperref/nameref.sty
Package: nameref 2012/10/27 v2.43 Cross-referencing by name of section

(/usr/local/texlive/2015/texmf-dist/tex/generic/oberdiek/gettitlestring.sty
Package: gettitlestring 2010/12/03 v1.4 Cleanup title references (HO)
)
\c@section@level=\count125
)
LaTeX Info: Redefining \ref on input line 66.
LaTeX Info: Redefining \pageref on input line 66.
LaTeX Info: Redefining \nameref on input line 66.

(./main.out) (./main.out)
\@outlinefile=\write3
\openout3 = `main.out'.



pdfTeX warning: pdflatex (file ./logo_lamme.pdf): PDF inclusion: found PDF vers
ion <1.7>, but at most version <1.5> allowed
<logo_lamme.pdf, id=4, 758.835pt x 1192.455pt>
File: logo_lamme.pdf Graphic file (type pdf)
 <use logo_lamme.pdf>
Package pdftex.def Info: logo_lamme.pdf used on input line 68.
(pdftex.def)             Requested size: 113.24197pt x 177.95076pt.

Overfull \hbox (17.0pt too wide) in paragraph at lines 68--68
[][]
 []


Underfull \hbox (badness 10000) in paragraph at lines 68--68

 []

LaTeX Font Info:    Font shape `OT1/ppl/bx/n' in size <10.95> not available
(Font)              Font shape `OT1/ppl/b/n' tried instead on input line 68.
LaTeX Font Info:    Font shape `OT1/ppl/bx/n' in size <14.4> not available
(Font)              Font shape `OT1/ppl/b/n' tried instead on input line 80.
Missing character: There is no ‚ in font pplr7t!
Missing character: There is no à in font pplr7t!
Missing character: There is no Ö in font pplr7t!
Missing character: There is no √ in font pplr7t!
Missing character: There is no © in font pplr7t!
Missing character: There is no √ in font pplr7t!
Missing character: There is no © in font pplr7t!
Missing character: There is no √ in font pplr7t!
Missing character: There is no © in font pplr7t!
Missing character: There is no √ in font pplr7t!
Missing character: There is no ® in font pplr7t!
Missing character: There is no √ in font pplr7t!
Missing character: There is no © in font pplr7t!
Missing character: There is no √ in font pplr7t!
Missing character: There is no © in font pplr7t!
Missing character: There is no √ in font pplr7t!
Missing character: There is no ® in font pplr7t!
Missing character: There is no √ in font pplr7t!
Missing character: There is no © in font pplr7t!
Missing character: There is no √ in font pplr7t!
Missing character: There is no © in font pplr7t!
Missing character: There is no √ in font pplr7t!
Missing character: There is no © in font pplr7t!
Missing character: There is no √ in font pplr7t!
Missing character: There is no † in font pplr7t!
Missing character: There is no √ in font pplr7t!
Missing character: There is no © in font pplr7t!
Missing character: There is no √ in font pplr7t!
Missing character: There is no © in font pplr7t!
Missing character: There is no Œ in font pplr7t!
Missing character: There is no ≤ in font pplr7t!
Missing character: There is no ‚ in font pplr7t!
Missing character: There is no ã in font pplr7t!
Missing character: There is no Ü in font pplr7t!
Missing character: There is no Œ in font pplr7t!
Missing character: There is no ≤ in font pplr7t!
Missing character: There is no À in font pplr7t!
Missing character: There is no Ü in font pplr7t!
[1

{/usr/local/texlive/2015/texmf-var/fonts/map/pdftex/updmap/pdftex.map} <./logo_
lamme.pdf>]
Missing character: There is no √ in font pplr7t!
Missing character: There is no © in font pplr7t!
Missing character: There is no √ in font pplr7t!
Missing character: There is no © in font pplr7t!
LaTeX Font Info:    Try loading font information for U+msa on input line 146.
 (/usr/local/texlive/2015/texmf-dist/tex/latex/amsfonts/umsa.fd
File: umsa.fd 2013/01/14 v3.01 AMS symbols A
)
LaTeX Font Info:    Try loading font information for U+msb on input line 146.

(/usr/local/texlive/2015/texmf-dist/tex/latex/amsfonts/umsb.fd
File: umsb.fd 2013/01/14 v3.01 AMS symbols B
)
Missing character: There is no ‚ in font pplr7t!
Missing character: There is no Ä in font pplr7t!
Missing character: There is no ù in font pplr7t!
Missing character: There is no ‚ in font pplr7t!
Missing character: There is no Ä in font pplr7t!
Missing character: There is no ù in font pplr7t!
Missing character: There is no √ in font pplr7t!
Missing character: There is no © in font pplr7t!
Missing character: There is no √ in font pplr7t!
Missing character: There is no © in font pplr7t!
Missing character: There is no √ in font pplr7t!
Missing character: There is no † in font pplr7t!
Missing character: There is no Œ in font pplr7t!
Missing character: There is no ª in font pplr7t!
Missing character: There is no Œ in font pplr7t!
Missing character: There is no ª in font pplr7t!
Missing character: There is no √ in font pplr7t!
Missing character: There is no © in font pplr7t!
Missing character: There is no √ in font pplr7t!
Missing character: There is no † in font pplr7t!
Missing character: There is no √ in font pplr7t!
Missing character: There is no © in font pplr7t!
Missing character: There is no √ in font pplr7t!
Missing character: There is no ª in font pplr7t!
 [2]
Missing character: There is no Œ in font pplr7t!
Missing character: There is no ª in font pplr7t!
Missing character: There is no Œ in font pplr7t!
Missing character: There is no ª in font pplr7t!
Missing character: There is no √ in font pplr7t!
Missing character: There is no © in font pplr7t!
Missing character: There is no √ in font pplr7t!
Missing character: There is no √ in font pplr7t!
Missing character: There is no √ in font pplr7t!
Missing character: There is no ® in font pplr7t!
Missing character: There is no ‚ in font pplr7t!
Missing character: There is no à in font pplr7t!
Missing character: There is no û in font pplr7t!
Missing character: There is no ‚ in font pplr7t!
Missing character: There is no Ä in font pplr7t!
Missing character: There is no ù in font pplr7t!
Missing character: There is no ‚ in font pplr7t!
Missing character: There is no Ä in font pplr7t!
Missing character: There is no ù in font pplr7t!
Missing character: There is no ‚ in font pplr7t!
Missing character: There is no Ä in font pplr7t!
Missing character: There is no ù in font pplr7t!
Missing character: There is no ‚ in font pplr7t!
Missing character: There is no Ä in font pplr7t!
Missing character: There is no ù in font pplr7t!
Missing character: There is no Œ in font pplr7t!
Missing character: There is no ≥ in font pplr7t!
Missing character: There is no Œ in font pplr7t!
Missing character: There is no ≤ in font pplr7t!
Missing character: There is no ‚ in font pplr7t!
Missing character: There is no Ä in font pplr7t!
Missing character: There is no ù in font pplr7t!
Missing character: There is no ‚ in font pplr7t!
Missing character: There is no Ä in font pplr7t!
Missing character: There is no ù in font pplr7t!
Missing character: There is no √ in font pplr7t!
Missing character: There is no © in font pplr7t!
Missing character: There is no √ in font pplr7t!
Missing character: There is no © in font pplr7t!
Missing character: There is no √ in font pplr7t!
Missing character: There is no π in font pplr7t!
Missing character: There is no √ in font pplr7t!
Missing character: There is no © in font pplr7t!
Missing character: There is no √ in font pplr7t!
Missing character: There is no ® in font pplr7t!
Missing character: There is no √ in font pplr7t!
Missing character: There is no † in font pplr7t!
Missing character: There is no ‚ in font pplr7t!
Missing character: There is no à in font pplr7t!
Missing character: There is no ó in font pplr7t!
Missing character: There is no Œ in font pplr7t!
Missing character: There is no ≤ in font pplr7t!
Missing character: There is no À in font pplr7t!
Missing character: There is no Ü in font pplr7t!
Missing character: There is no Œ in font pplr7t!
Missing character: There is no ∑ in font pplr7t!
Missing character: There is no ‚ in font pplr7t!
Missing character: There is no Ü in font pplr7t!
Missing character: There is no í in font pplr7t!
Missing character: There is no ‚ in font pplr7t!
Missing character: There is no à in font pplr7t!
Missing character: There is no û in font pplr7t!
Missing character: There is no ‚ in font pplr7t!
Missing character: There is no à in font pplr7t!
Missing character: There is no û in font pplr7t!
Missing character: There is no ‚ in font pplr7t!
Missing character: There is no à in font pplr7t!
Missing character: There is no û in font pplr7t!

(./oscar.tex [3]

LaTeX Warning: Reference `eq:robust:general:form3' on page 4 undefined on input
 line 41.


LaTeX Warning: Reference `table:summary' on page 4 undefined on input line 85.

<../figures/oscar_decomposition1.pdf, id=34, 360.34625pt x 357.335pt>
File: ../figures/oscar_decomposition1.pdf Graphic file (type pdf)

<use ../figures/oscar_decomposition1.pdf>
Package pdftex.def Info: ../figures/oscar_decomposition1.pdf used on input line
 90.
(pdftex.def)             Requested size: 90.59392pt x 89.83514pt.

<../figures/oscar_decomposition2.pdf, id=35, 360.34625pt x 357.335pt>
File: ../figures/oscar_decomposition2.pdf Graphic file (type pdf)

<use ../figures/oscar_decomposition2.pdf>
Package pdftex.def Info: ../figures/oscar_decomposition2.pdf used on input line
 91.
(pdftex.def)             Requested size: 90.59392pt x 89.83514pt.

<../figures/oscar_decomposition3.pdf, id=36, 360.34625pt x 357.335pt>
File: ../figures/oscar_decomposition3.pdf Graphic file (type pdf)

<use ../figures/oscar_decomposition3.pdf>
Package pdftex.def Info: ../figures/oscar_decomposition3.pdf used on input line
 92.
(pdftex.def)             Requested size: 90.59392pt x 89.83514pt.

<../figures/oscar_decomposition4.pdf, id=37, 360.34625pt x 357.335pt>
File: ../figures/oscar_decomposition4.pdf Graphic file (type pdf)

<use ../figures/oscar_decomposition4.pdf>
Package pdftex.def Info: ../figures/oscar_decomposition4.pdf used on input line
 93.
(pdftex.def)             Requested size: 90.59392pt x 89.83514pt.
)
Missing character: There is no Œ in font pplr7t!
Missing character: There is no ≥ in font pplr7t!
Missing character: There is no ‚ in font pplr7t!
Missing character: There is no à in font pplr7t!
Missing character: There is no à in font pplr7t!
Missing character: There is no ‚ in font pplr7t!
Missing character: There is no ã in font pplr7t!
Missing character: There is no Ü in font pplr7t!
Missing character: There is no Œ in font pplr7t!
Missing character: There is no ∑ in font pplr7t!
Missing character: There is no √ in font pplr7t!
Missing character: There is no © in font pplr7t!
Missing character: There is no √ in font pplr7t!
Missing character: There is no © in font pplr7t!
Missing character: There is no √ in font pplr7t!
Missing character: There is no © in font pplr7t!
Missing character: There is no Œ in font pplr7t!
Missing character: There is no ∑ in font pplr7t!
Missing character: There is no √ in font pplr7t!
Missing character: There is no © in font pplr7t!
Missing character: There is no √ in font pplr7t!
Missing character: There is no © in font pplr7t!
Missing character: There is no √ in font pplr7t!
Missing character: There is no † in font pplr7t!
Missing character: There is no √ in font pplr7t!
Missing character: There is no © in font pplr7t!
Missing character: There is no √ in font pplr7t!
Missing character: There is no © in font pplr7t!
Missing character: There is no √ in font pplr7t!
Missing character: There is no © in font pplr7t!
Missing character: There is no √ in font pplr7t!
Missing character: There is no © in font pplr7t!
Missing character: There is no √ in font pplr7t!
Missing character: There is no © in font pplr7t!
Missing character: There is no Œ in font pplr7t!
Missing character: There is no ≤ in font pplr7t!
Missing character: There is no À in font pplr7t!
Missing character: There is no Ü in font pplr7t!
Missing character: There is no Œ in font pplr7t!
Missing character: There is no ≥ in font pplr7t!
Missing character: There is no Œ in font pplr7t!
Missing character: There is no ≤ in font pplr7t!
Missing character: There is no À in font pplr7t!
Missing character: There is no Ü in font pplr7t!
Missing character: There is no Œ in font pplr7t!
Missing character: There is no ≥ in font pplr7t!
Missing character: There is no ‚ in font pplr7t!
Missing character: There is no à in font pplr7t!
Missing character: There is no í in font pplr7t!
Missing character: There is no Œ in font pplr7t!
Missing character: There is no ≥ in font pplr7t!
Missing character: There is no Œ in font pplr7t!
Missing character: There is no ≤ in font pplr7t!
Missing character: There is no Œ in font pplr7t!
Missing character: There is no ≥ in font pplr7t!
Missing character: There is no À in font pplr7t!
Missing character: There is no Ü in font pplr7t!
Missing character: There is no Œ in font pplr7t!
Missing character: There is no ≤ in font pplr7t!
Missing character: There is no ‚ in font pplr7t!
Missing character: There is no à in font pplr7t!
Missing character: There is no û in font pplr7t!
Missing character: There is no ‚ in font pplr7t!
Missing character: There is no à in font pplr7t!
Missing character: There is no û in font pplr7t!
 [4]
Missing character: There is no √ in font pplr7t!
Missing character: There is no © in font pplr7t!
Missing character: There is no √ in font pplr7t!
Missing character: There is no © in font pplr7t!
Missing character: There is no √ in font pplr7t!
Missing character: There is no © in font pplr7t!
Missing character: There is no Œ in font pplr7t!
Missing character: There is no ∑ in font pplr7t!
Missing character: There is no ‚ in font pplr7t!
Missing character: There is no Ü in font pplr7t!
Missing character: There is no í in font pplr7t!
Missing character: There is no ‚ in font pplr7t!
Missing character: There is no à in font pplr7t!
Missing character: There is no û in font pplr7t!
Missing character: There is no Œ in font pplr7t!
Missing character: There is no ∑ in font pplr7t!
Missing character: There is no ‚ in font pplr7t!
Missing character: There is no Ä in font pplr7t!
Missing character: There is no ù in font pplr7t!
Missing character: There is no ‚ in font pplr7t!
Missing character: There is no Ä in font pplr7t!
Missing character: There is no ù in font pplr7t!
Missing character: There is no Œ in font pplr7t!
Missing character: There is no ∑ in font pplr7t!
Missing character: There is no √ in font pplr7t!
Missing character: There is no © in font pplr7t!
Missing character: There is no √ in font pplr7t!
Missing character: There is no © in font pplr7t!
Missing character: There is no √ in font pplr7t!
Missing character: There is no © in font pplr7t!
Missing character: There is no √ in font pplr7t!
Missing character: There is no © in font pplr7t!
Missing character: There is no √ in font pplr7t!
Missing character: There is no ß in font pplr7t!
Missing character: There is no Œ in font pplr7t!
Missing character: There is no ≥ in font pplr7t!
Missing character: There is no À in font pplr7t!
Missing character: There is no Ü in font pplr7t!
Missing character: There is no Œ in font pplr7t!
Missing character: There is no ≤ in font pplr7t!
Missing character: There is no Œ in font pplr7t!
Missing character: There is no ≤ in font pplr7t!
Missing character: There is no Œ in font pplr7t!
Missing character: There is no ≤ in font pplr7t!
Missing character: There is no À in font pplr7t!
Missing character: There is no Ü in font pplr7t!
Missing character: There is no Œ in font pplr7t!
Missing character: There is no ≥ in font pplr7t!
Missing character: There is no À in font pplr7t!
Missing character: There is no Ü in font pplr7t!
Missing character: There is no Œ in font pplr7t!
Missing character: There is no ≤ in font pplr7t!
Missing character: There is no Œ in font pplr7t!
Missing character: There is no ≥ in font pplr7t!
Missing character: There is no À in font pplr7t!
Missing character: There is no Ü in font pplr7t!
Missing character: There is no Œ in font pplr7t!
Missing character: There is no ª in font pplr7t!
Missing character: There is no Œ in font pplr7t!
Missing character: There is no ≤ in font pplr7t!
Missing character: There is no À in font pplr7t!
Missing character: There is no Ü in font pplr7t!
Missing character: There is no Œ in font pplr7t!
Missing character: There is no ≥ in font pplr7t!
Missing character: There is no À in font pplr7t!
Missing character: There is no Ü in font pplr7t!
Missing character: There is no Œ in font pplr7t!
Missing character: There is no ≥ in font pplr7t!
Missing character: There is no À in font pplr7t!
Missing character: There is no Ü in font pplr7t!
Missing character: There is no Œ in font pplr7t!
Missing character: There is no ≥ in font pplr7t!
Missing character: There is no À in font pplr7t!
Missing character: There is no Ü in font pplr7t!
Missing character: There is no Œ in font pplr7t!
Missing character: There is no ≤ in font pplr7t!
Missing character: There is no À in font pplr7t!
Missing character: There is no Ü in font pplr7t!
Missing character: There is no Œ in font pplr7t!
Missing character: There is no ≥ in font pplr7t!
Missing character: There is no Œ in font pplr7t!
Missing character: There is no ≥ in font pplr7t!
Missing character: There is no Œ in font pplr7t!
Missing character: There is no ≥ in font pplr7t!
Missing character: There is no √ in font pplr7t!
Missing character: There is no © in font pplr7t!
Missing character: There is no √ in font pplr7t!
Missing character: There is no † in font pplr7t!
Missing character: There is no √ in font pplr7t!
Missing character: There is no ® in font pplr7t!
Missing character: There is no Œ in font pplr7t!
Missing character: There is no ∑ in font pplr7t!
 [5 <../figures/oscar_decomposition1.pdf> <../figures/oscar_decomposition2.pdf>
 <../figures/oscar_decomposition3.pdf> <../figures/oscar_decomposition4.pdf>]
Missing character: There is no Œ in font pplr7t!
Missing character: There is no ∑ in font pplr7t!
 (./main.bbl)
Package atveryend Info: Empty hook `BeforeClearDocument' on input line 404.
 [6]
Package atveryend Info: Empty hook `AfterLastShipout' on input line 404.
 (./main.aux)
Package atveryend Info: Executing hook `AtVeryEndDocument' on input line 404.
Package atveryend Info: Executing hook `AtEndAfterFileList' on input line 404.
Package rerunfilecheck Info: File `main.out' has not changed.
(rerunfilecheck)             Checksum: D41D8CD98F00B204E9800998ECF8427E;0.


LaTeX Warning: There were undefined references.

Package atveryend Info: Empty hook `AtVeryVeryEnd' on input line 404.
 ) 
Here is how much of TeX's memory you used:
 8091 strings out of 493089
 113089 string characters out of 6134843
 322976 words of memory out of 5000000
 11427 multiletter control sequences out of 15000+600000
 17618 words of font info for 60 fonts, out of 8000000 for 9000
 1141 hyphenation exceptions out of 8191
 30i,14n,35p,286b,340s stack positions out of 5000i,500n,10000p,200000b,80000s
{/usr/local/texlive/2015/texmf-dist/fonts/enc/dvips/base/8r.enc}</usr/local/t
exlive/2015/texmf-dist/fonts/type1/public/amsfonts/cm/cmbx10.pfb></usr/local/te
xlive/2015/texmf-dist/fonts/type1/public/amsfonts/cm/cmex10.pfb></usr/local/tex
live/2015/texmf-dist/fonts/type1/public/amsfonts/cm/cmmi10.pfb></usr/local/texl
ive/2015/texmf-dist/fonts/type1/public/amsfonts/cm/cmmi6.pfb></usr/local/texliv
e/2015/texmf-dist/fonts/type1/public/amsfonts/cm/cmmi8.pfb></usr/local/texlive/
2015/texmf-dist/fonts/type1/public/amsfonts/cm/cmmib10.pfb></usr/local/texlive/
2015/texmf-dist/fonts/type1/public/amsfonts/cmextra/cmmib6.pfb></usr/local/texl
ive/2015/texmf-dist/fonts/type1/public/amsfonts/cmextra/cmmib8.pfb></usr/local/
texlive/2015/texmf-dist/fonts/type1/public/amsfonts/cm/cmr10.pfb></usr/local/te
xlive/2015/texmf-dist/fonts/type1/public/amsfonts/cm/cmr6.pfb></usr/local/texli
ve/2015/texmf-dist/fonts/type1/public/amsfonts/cm/cmr7.pfb></usr/local/texlive/
2015/texmf-dist/fonts/type1/public/amsfonts/cm/cmr8.pfb></usr/local/texlive/201
5/texmf-dist/fonts/type1/public/amsfonts/cm/cmsy10.pfb></usr/local/texlive/2015
/texmf-dist/fonts/type1/public/amsfonts/cm/cmsy6.pfb></usr/local/texlive/2015/t
exmf-dist/fonts/type1/public/amsfonts/cm/cmsy8.pfb></usr/local/texlive/2015/tex
mf-dist/fonts/type1/public/amsfonts/symbols/msbm10.pfb></usr/local/texlive/2015
/texmf-dist/fonts/type1/urw/palatino/uplb8a.pfb></usr/local/texlive/2015/texmf-
dist/fonts/type1/urw/palatino/uplr8a.pfb>
Output written on main.pdf (6 pages, 246520 bytes).
PDF statistics:
 139 PDF objects out of 1000 (max. 8388607)
 106 compressed objects within 2 object streams
 15 named destinations out of 1000 (max. 500000)
 26 words of extra memory for PDF output out of 10000 (max. 10000000)

